\BOOKMARK [0][-]{chapter*.1}{Remerciements}{}% 1
\BOOKMARK [0][-]{chapter.1}{Introduction}{}% 2
\BOOKMARK [1][-]{section.1.1}{Tellus Environment - Missions Principales}{chapter.1}% 3
\BOOKMARK [2][-]{subsection.1.1.1}{G\351ophysique et cartographie haute-d\351finition}{section.1.1}% 4
\BOOKMARK [2][-]{subsection.1.1.2}{Traitement des donn\351es}{section.1.1}% 5
\BOOKMARK [2][-]{subsection.1.1.3}{Collecte des donn\351es g\351ophysiques}{section.1.1}% 6
\BOOKMARK [1][-]{section.1.2}{Activit\351 R\046D}{chapter.1}% 7
\BOOKMARK [1][-]{section.1.3}{Projet Symeter V2}{chapter.1}% 8
\BOOKMARK [2][-]{subsection.1.3.1}{Symeter V1}{section.1.3}% 9
\BOOKMARK [2][-]{subsection.1.3.2}{Symeter V2: Objectifs}{section.1.3}% 10
\BOOKMARK [0][-]{chapter.2}{Capteurs, Mod\351lisation, Contraintes}{}% 11
\BOOKMARK [1][-]{section.2.1}{Capteurs}{chapter.2}% 12
\BOOKMARK [2][-]{subsection.2.1.1}{LIDAR}{section.2.1}% 13
\BOOKMARK [3][-]{subsubsection.2.1.1.1}{D\351tecteur Actif}{subsection.2.1.1}% 14
\BOOKMARK [3][-]{subsubsection.2.1.1.2}{Scan de l'environnement}{subsection.2.1.1}% 15
\BOOKMARK [3][-]{subsubsection.2.1.1.3}{LIDAR Hokuyo UTM-30LX-EW}{subsection.2.1.1}% 16
\BOOKMARK [2][-]{subsection.2.1.2}{IMU}{section.2.1}% 17
\BOOKMARK [3][-]{subsubsection.2.1.2.1}{Les grandeurs mesur\351es}{subsection.2.1.2}% 18
\BOOKMARK [3][-]{subsubsection.2.1.2.2}{IMU XSense MTi 28A53G35}{subsection.2.1.2}% 19
\BOOKMARK [2][-]{subsection.2.1.3}{GPS en mode RTK}{section.2.1}% 20
\BOOKMARK [3][-]{subsubsection.2.1.3.1}{GPS simple}{subsection.2.1.3}% 21
\BOOKMARK [3][-]{subsubsection.2.1.3.2}{Principe du mode RTK}{subsection.2.1.3}% 22
\BOOKMARK [2][-]{subsection.2.1.4}{Int\351r\352t du couplage IMU/GPS}{section.2.1}% 23
\BOOKMARK [1][-]{section.2.2}{Environnement de programmation: ROS}{chapter.2}% 24
\BOOKMARK [1][-]{section.2.3}{Mod\351lisation}{chapter.2}% 25
\BOOKMARK [1][-]{section.2.4}{Contraintes de d\351veloppement}{chapter.2}% 26
\BOOKMARK [2][-]{subsection.2.4.1}{Capacit\351s de tests en grandeur r\351elle limit\351es}{section.2.4}% 27
\BOOKMARK [2][-]{subsection.2.4.2}{Plateformes de test disponibles}{section.2.4}% 28
\BOOKMARK [3][-]{subsubsection.2.4.2.1}{Environnement de simulation Gazebo}{subsection.2.4.2}% 29
\BOOKMARK [3][-]{subsubsection.2.4.2.2}{Prototype mont\351 sur Camionnette}{subsection.2.4.2}% 30
\BOOKMARK [1][-]{section.2.5}{Les grandes phases du stage}{chapter.2}% 31
\BOOKMARK [1][-]{section.2.6}{Synth\350se des outils}{chapter.2}% 32
\BOOKMARK [0][-]{chapter.3}{Simulation d'un tracteur \351voluant sur un chantier d'ensilage \340 l'aide de ROS/Gazebo}{}% 33
\BOOKMARK [1][-]{section.3.1}{Pr\351sentation de ROS}{chapter.3}% 34
\BOOKMARK [2][-]{subsection.3.1.1}{Gestion des transformations}{section.3.1}% 35
\BOOKMARK [2][-]{subsection.3.1.2}{Gestion des capteurs par ROS}{section.3.1}% 36
\BOOKMARK [1][-]{section.3.2}{Pr\351sentation de Gazebo}{chapter.3}% 37
\BOOKMARK [2][-]{subsection.3.2.1}{Construction d'un robot virtuel}{section.3.2}% 38
\BOOKMARK [2][-]{subsection.3.2.2}{V\351rification de disponibilit\351 des capteurs}{section.3.2}% 39
\BOOKMARK [1][-]{section.3.3}{Contraintes de mise en oeuvre}{chapter.3}% 40
\BOOKMARK [2][-]{subsection.3.3.1}{Pas d'adh\351rence au d\351marrage de la simulation}{section.3.3}% 41
\BOOKMARK [2][-]{subsection.3.3.2}{Simulation m\351canique, frottements, adh\351rence}{section.3.3}% 42
\BOOKMARK [2][-]{subsection.3.3.3}{Conclusions sur les contraintes}{section.3.3}% 43
\BOOKMARK [1][-]{section.3.4}{Mise en Oeuvre: simulation d'un environnement de tassage de silo}{chapter.3}% 44
\BOOKMARK [2][-]{subsection.3.4.1}{Montage d'un tracteur simul\351}{section.3.4}% 45
\BOOKMARK [3][-]{subsubsection.3.4.1.1}{Mod\351lisation du tracteur}{subsection.3.4.1}% 46
\BOOKMARK [4][-]{paragraph.3.4.1.1.1}{Mod\351lisation physique}{subsubsection.3.4.1.1}% 47
\BOOKMARK [4][-]{paragraph.3.4.1.1.2}{Actuateurs et Contr\364leurs}{subsubsection.3.4.1.1}% 48
\BOOKMARK [3][-]{subsubsection.3.4.1.2}{Propulsion et Guidage}{subsection.3.4.1}% 49
\BOOKMARK [4][-]{figure.caption.123}{Algorithme}{subsubsection.3.4.1.2}% 50
\BOOKMARK [4][-]{paragraph.3.4.1.2.2}{Impl\351mentation sous ROS}{subsubsection.3.4.1.2}% 51
\BOOKMARK [0][-]{chapter.4}{Mise en place du processus de localisation}{}% 52
\BOOKMARK [1][-]{section.4.1}{Pr\351sentation du probl\350me}{chapter.4}% 53
\BOOKMARK [2][-]{subsection.4.1.1}{Rep\350res}{section.4.1}% 54
\BOOKMARK [3][-]{subsubsection.4.1.1.1}{Rep\350re Inertiel}{subsection.4.1.1}% 55
\BOOKMARK [3][-]{subsubsection.4.1.1.2}{Rep\350re Centr\351 et Fixe par Rapport \340 la Terre}{subsection.4.1.1}% 56
\BOOKMARK [3][-]{subsubsection.4.1.1.3}{Rep\350re de navigation local}{subsection.4.1.1}% 57
\BOOKMARK [3][-]{subsubsection.4.1.1.4}{Rep\350re du v\351hicule}{subsection.4.1.1}% 58
\BOOKMARK [1][-]{section.4.2}{Filtres de Kalman}{chapter.4}% 59
\BOOKMARK [2][-]{subsection.4.2.1}{Filtres de Kalman Lin\351aires}{section.4.2}% 60
\BOOKMARK [3][-]{subsubsection.4.2.1.1}{Discr\351tisation}{subsection.4.2.1}% 61
\BOOKMARK [3][-]{subsubsection.4.2.1.2}{Boucle de Kalman}{subsection.4.2.1}% 62
\BOOKMARK [3][-]{subsubsection.4.2.1.3}{Fonctionnement conceptuel du Filtre de Kalman}{subsection.4.2.1}% 63
\BOOKMARK [2][-]{subsection.4.2.2}{Estimation de Pose 3D: Filtres de Kalman Etendus}{section.4.2}% 64
\BOOKMARK [1][-]{section.4.3}{Mise en oeuvre sous ROS.}{chapter.4}% 65
\BOOKMARK [2][-]{subsection.4.3.1}{Module robot\137localisation}{section.4.3}% 66
\BOOKMARK [2][-]{subsection.4.3.2}{navsat\137transformation\137node}{section.4.3}% 67
\BOOKMARK [2][-]{subsection.4.3.3}{Configuration des Capteurs}{section.4.3}% 68
\BOOKMARK [2][-]{subsection.4.3.4}{Tests de localisation sous Gazebo}{section.4.3}% 69
\BOOKMARK [0][-]{chapter.5}{Exploitation des donn\351es LIDAR}{}% 70
\BOOKMARK [1][-]{section.5.1}{Pr\351sentation de la chaine de traitement des donn\351es LIDAR}{chapter.5}% 71
\BOOKMARK [1][-]{section.5.2}{Acquisition et mise en forme des donn\351es LIDAR}{chapter.5}% 72
\BOOKMARK [2][-]{subsection.5.2.1}{Transformation trame LIDAR en un nuage de points}{section.5.2}% 73
\BOOKMARK [2][-]{subsection.5.2.2}{Filtrage de la ligne de point par downsampling}{section.5.2}% 74
\BOOKMARK [1][-]{section.5.3}{Accumulation des nuages de points}{chapter.5}% 75
\BOOKMARK [2][-]{subsection.5.3.1}{Sp\351cifications pour le point\137cloud\137aggregator}{section.5.3}% 76
\BOOKMARK [2][-]{subsection.5.3.2}{Principe de stockage des donn\351es 3D}{section.5.3}% 77
\BOOKMARK [2][-]{subsection.5.3.3}{Mise en oeuvre: octomap}{section.5.3}% 78
\BOOKMARK [1][-]{section.5.4}{Mise en oeuvre sous Gazebo}{chapter.5}% 79
\BOOKMARK [2][-]{subsection.5.4.1}{Mod\351lisation d'un chantier d'ensilage}{section.5.4}% 80
\BOOKMARK [2][-]{subsection.5.4.2}{Test sous gazebo}{section.5.4}% 81
\BOOKMARK [0][-]{chapter.6}{Mise en oeuvre \340 partir de mesures r\351elles}{}% 82
\BOOKMARK [1][-]{section.6.1}{Protocole de test}{chapter.6}% 83
\BOOKMARK [2][-]{subsection.6.1.1}{Instruments d'acquisition}{section.6.1}% 84
\BOOKMARK [2][-]{subsection.6.1.2}{Exploitation}{section.6.1}% 85
\BOOKMARK [1][-]{section.6.2}{Exploitation des donn\351es}{chapter.6}% 86
\BOOKMARK [0][-]{chapter.7}{Perspectives}{}% 87
\BOOKMARK [1][-]{section.7.1}{Am\351lioration de l'utilisation de l'IMU}{chapter.7}% 88
\BOOKMARK [1][-]{section.7.2}{Developpement d'un module d'accumulation propre \340 Symeter V2}{chapter.7}% 89
\BOOKMARK [1][-]{section.7.3}{Simulation de l'action de tassage}{chapter.7}% 90
\BOOKMARK [1][-]{section.7.4}{D\351veloppement des outils de d\351tection de monitoring de tassage}{chapter.7}% 91
\BOOKMARK [0][-]{chapter.8}{Conclusion}{}% 92
\BOOKMARK [0][-]{appendix.A}{Repr\351sentation de l'Attitude et des Rotations}{}% 93
\BOOKMARK [1][-]{section.A.1}{Angles d'Euler}{appendix.A}% 94
\BOOKMARK [1][-]{section.A.2}{Quaternions Unitaires}{appendix.A}% 95
\BOOKMARK [0][-]{appendix*.251}{Bibliographie}{}% 96
